==========================================
SLURM_JOB_ID = 68628
SLURM_JOB_NODELIST = gn19
SLURM_GPUS = 4
SLURM_CPUS_ON_NODE = 36
SLURM_JOB_PARTITION = gpu_big
SLURM_TASK_PID = 457389
==========================================

Usage:   
  pip3.6 <command> [options]

Commands:
  install                     Install packages.
  download                    Download packages.
  uninstall                   Uninstall packages.
  freeze                      Output installed packages in requirements format.
  list                        List installed packages.
  show                        Show information about installed packages.
  check                       Verify installed packages have compatible dependencies.
  config                      Manage local and global configuration.
  search                      Search PyPI for packages.
  wheel                       Build wheels from your requirements.
  hash                        Compute hashes of package archives.
  completion                  A helper command used for command completion.
  help                        Show help for commands.

General Options:
  -h, --help                  Show help.
  --isolated                  Run pip in an isolated mode, ignoring
                              environment variables and user configuration.
  -v, --verbose               Give more output. Option is additive, and can be
                              used up to 3 times.
  -V, --version               Show version and exit.
  -q, --quiet                 Give less output. Option is additive, and can be
                              used up to 3 times (corresponding to WARNING,
                              ERROR, and CRITICAL logging levels).
  --log <path>                Path to a verbose appending log.
  --proxy <proxy>             Specify a proxy in the form
                              [user:passwd@]proxy.server:port.
  --retries <retries>         Maximum number of retries each connection should
                              attempt (default 5 times).
  --timeout <sec>             Set the socket timeout (default 15 seconds).
  --exists-action <action>    Default action when a path already exists:
                              (s)witch, (i)gnore, (w)ipe, (b)ackup, (a)bort.
  --trusted-host <hostname>   Mark this host as trusted, even though it does
                              not have valid or any HTTPS.
  --cert <path>               Path to alternate CA bundle.
  --client-cert <path>        Path to SSL client certificate, a single file
                              containing the private key and the certificate
                              in PEM format.
  --cache-dir <dir>           Store the cache data in <dir>.
  --no-cache-dir              Disable the cache.
  --disable-pip-version-check
                              Don't periodically check PyPI to determine
                              whether a new version of pip is available for
                              download. Implied with --no-index.
  --no-color                  Suppress colored output

Usage:   
  pip3.6 <command> [options]

Commands:
  install                     Install packages.
  download                    Download packages.
  uninstall                   Uninstall packages.
  freeze                      Output installed packages in requirements format.
  list                        List installed packages.
  show                        Show information about installed packages.
  check                       Verify installed packages have compatible dependencies.
  config                      Manage local and global configuration.
  search                      Search PyPI for packages.
  wheel                       Build wheels from your requirements.
  hash                        Compute hashes of package archives.
  completion                  A helper command used for command completion.
  help                        Show help for commands.

General Options:
  -h, --help                  Show help.
  --isolated                  Run pip in an isolated mode, ignoring
                              environment variables and user configuration.
  -v, --verbose               Give more output. Option is additive, and can be
                              used up to 3 times.
  -V, --version               Show version and exit.
  -q, --quiet                 Give less output. Option is additive, and can be
                              used up to 3 times (corresponding to WARNING,
                              ERROR, and CRITICAL logging levels).
  --log <path>                Path to a verbose appending log.
  --proxy <proxy>             Specify a proxy in the form
                              [user:passwd@]proxy.server:port.
  --retries <retries>         Maximum number of retries each connection should
                              attempt (default 5 times).
  --timeout <sec>             Set the socket timeout (default 15 seconds).
  --exists-action <action>    Default action when a path already exists:
                              (s)witch, (i)gnore, (w)ipe, (b)ackup, (a)bort.
  --trusted-host <hostname>   Mark this host as trusted, even though it does
                              not have valid or any HTTPS.
  --cert <path>               Path to alternate CA bundle.
  --client-cert <path>        Path to SSL client certificate, a single file
                              containing the private key and the certificate
                              in PEM format.
  --cache-dir <dir>           Store the cache data in <dir>.
  --no-cache-dir              Disable the cache.
  --disable-pip-version-check
                              Don't periodically check PyPI to determine
                              whether a new version of pip is available for
                              download. Implied with --no-index.
  --no-color                  Suppress colored output

Usage:   
  pip3.6 <command> [options]

Commands:
  install                     Install packages.
  download                    Download packages.
  uninstall                   Uninstall packages.
  freeze                      Output installed packages in requirements format.
  list                        List installed packages.
  show                        Show information about installed packages.
  check                       Verify installed packages have compatible dependencies.
  config                      Manage local and global configuration.
  search                      Search PyPI for packages.
  wheel                       Build wheels from your requirements.
  hash                        Compute hashes of package archives.
  completion                  A helper command used for command completion.
  help                        Show help for commands.

General Options:
  -h, --help                  Show help.
  --isolated                  Run pip in an isolated mode, ignoring
                              environment variables and user configuration.
  -v, --verbose               Give more output. Option is additive, and can be
                              used up to 3 times.
  -V, --version               Show version and exit.
  -q, --quiet                 Give less output. Option is additive, and can be
                              used up to 3 times (corresponding to WARNING,
                              ERROR, and CRITICAL logging levels).
  --log <path>                Path to a verbose appending log.
  --proxy <proxy>             Specify a proxy in the form
                              [user:passwd@]proxy.server:port.
  --retries <retries>         Maximum number of retries each connection should
                              attempt (default 5 times).
  --timeout <sec>             Set the socket timeout (default 15 seconds).
  --exists-action <action>    Default action when a path already exists:
                              (s)witch, (i)gnore, (w)ipe, (b)ackup, (a)bort.
  --trusted-host <hostname>   Mark this host as trusted, even though it does
                              not have valid or any HTTPS.
  --cert <path>               Path to alternate CA bundle.
  --client-cert <path>        Path to SSL client certificate, a single file
                              containing the private key and the certificate
                              in PEM format.
  --cache-dir <dir>           Store the cache data in <dir>.
  --no-cache-dir              Disable the cache.
  --disable-pip-version-check
                              Don't periodically check PyPI to determine
                              whether a new version of pip is available for
                              download. Implied with --no-index.
  --no-color                  Suppress colored output

Usage:   
  pip3.6 <command> [options]

Commands:
  install                     Install packages.
  download                    Download packages.
  uninstall                   Uninstall packages.
  freeze                      Output installed packages in requirements format.
  list                        List installed packages.
  show                        Show information about installed packages.
  check                       Verify installed packages have compatible dependencies.
  config                      Manage local and global configuration.
  search                      Search PyPI for packages.
  wheel                       Build wheels from your requirements.
  hash                        Compute hashes of package archives.
  completion                  A helper command used for command completion.
  help                        Show help for commands.

General Options:
  -h, --help                  Show help.
  --isolated                  Run pip in an isolated mode, ignoring
                              environment variables and user configuration.
  -v, --verbose               Give more output. Option is additive, and can be
                              used up to 3 times.
  -V, --version               Show version and exit.
  -q, --quiet                 Give less output. Option is additive, and can be
                              used up to 3 times (corresponding to WARNING,
                              ERROR, and CRITICAL logging levels).
  --log <path>                Path to a verbose appending log.
  --proxy <proxy>             Specify a proxy in the form
                              [user:passwd@]proxy.server:port.
  --retries <retries>         Maximum number of retries each connection should
                              attempt (default 5 times).
  --timeout <sec>             Set the socket timeout (default 15 seconds).
  --exists-action <action>    Default action when a path already exists:
                              (s)witch, (i)gnore, (w)ipe, (b)ackup, (a)bort.
  --trusted-host <hostname>   Mark this host as trusted, even though it does
                              not have valid or any HTTPS.
  --cert <path>               Path to alternate CA bundle.
  --client-cert <path>        Path to SSL client certificate, a single file
                              containing the private key and the certificate
                              in PEM format.
  --cache-dir <dir>           Store the cache data in <dir>.
  --no-cache-dir              Disable the cache.
  --disable-pip-version-check
                              Don't periodically check PyPI to determine
                              whether a new version of pip is available for
                              download. Implied with --no-index.
  --no-color                  Suppress colored output

Usage:   
  pip3.6 <command> [options]

Commands:
  install                     Install packages.
  download                    Download packages.
  uninstall                   Uninstall packages.
  freeze                      Output installed packages in requirements format.
  list                        List installed packages.
  show                        Show information about installed packages.
  check                       Verify installed packages have compatible dependencies.
  config                      Manage local and global configuration.
  search                      Search PyPI for packages.
  wheel                       Build wheels from your requirements.
  hash                        Compute hashes of package archives.
  completion                  A helper command used for command completion.
  help                        Show help for commands.

General Options:
  -h, --help                  Show help.
  --isolated                  Run pip in an isolated mode, ignoring
                              environment variables and user configuration.
  -v, --verbose               Give more output. Option is additive, and can be
                              used up to 3 times.
  -V, --version               Show version and exit.
  -q, --quiet                 Give less output. Option is additive, and can be
                              used up to 3 times (corresponding to WARNING,
                              ERROR, and CRITICAL logging levels).
  --log <path>                Path to a verbose appending log.
  --proxy <proxy>             Specify a proxy in the form
                              [user:passwd@]proxy.server:port.
  --retries <retries>         Maximum number of retries each connection should
                              attempt (default 5 times).
  --timeout <sec>             Set the socket timeout (default 15 seconds).
  --exists-action <action>    Default action when a path already exists:
                              (s)witch, (i)gnore, (w)ipe, (b)ackup, (a)bort.
  --trusted-host <hostname>   Mark this host as trusted, even though it does
                              not have valid or any HTTPS.
  --cert <path>               Path to alternate CA bundle.
  --client-cert <path>        Path to SSL client certificate, a single file
                              containing the private key and the certificate
                              in PEM format.
  --cache-dir <dir>           Store the cache data in <dir>.
  --no-cache-dir              Disable the cache.
  --disable-pip-version-check
                              Don't periodically check PyPI to determine
                              whether a new version of pip is available for
                              download. Implied with --no-index.
  --no-color                  Suppress colored output

Usage:   
  pip3.6 <command> [options]

Commands:
  install                     Install packages.
  download                    Download packages.
  uninstall                   Uninstall packages.
  freeze                      Output installed packages in requirements format.
  list                        List installed packages.
  show                        Show information about installed packages.
  check                       Verify installed packages have compatible dependencies.
  config                      Manage local and global configuration.
  search                      Search PyPI for packages.
  wheel                       Build wheels from your requirements.
  hash                        Compute hashes of package archives.
  completion                  A helper command used for command completion.
  help                        Show help for commands.

General Options:
  -h, --help                  Show help.
  --isolated                  Run pip in an isolated mode, ignoring
                              environment variables and user configuration.
  -v, --verbose               Give more output. Option is additive, and can be
                              used up to 3 times.
  -V, --version               Show version and exit.
  -q, --quiet                 Give less output. Option is additive, and can be
                              used up to 3 times (corresponding to WARNING,
                              ERROR, and CRITICAL logging levels).
  --log <path>                Path to a verbose appending log.
  --proxy <proxy>             Specify a proxy in the form
                              [user:passwd@]proxy.server:port.
  --retries <retries>         Maximum number of retries each connection should
                              attempt (default 5 times).
  --timeout <sec>             Set the socket timeout (default 15 seconds).
  --exists-action <action>    Default action when a path already exists:
                              (s)witch, (i)gnore, (w)ipe, (b)ackup, (a)bort.
  --trusted-host <hostname>   Mark this host as trusted, even though it does
                              not have valid or any HTTPS.
  --cert <path>               Path to alternate CA bundle.
  --client-cert <path>        Path to SSL client certificate, a single file
                              containing the private key and the certificate
                              in PEM format.
  --cache-dir <dir>           Store the cache data in <dir>.
  --no-cache-dir              Disable the cache.
  --disable-pip-version-check
                              Don't periodically check PyPI to determine
                              whether a new version of pip is available for
                              download. Implied with --no-index.
  --no-color                  Suppress colored output

Usage:   
  pip3.6 <command> [options]

Commands:
  install                     Install packages.
  download                    Download packages.
  uninstall                   Uninstall packages.
  freeze                      Output installed packages in requirements format.
  list                        List installed packages.
  show                        Show information about installed packages.
  check                       Verify installed packages have compatible dependencies.
  config                      Manage local and global configuration.
  search                      Search PyPI for packages.
  wheel                       Build wheels from your requirements.
  hash                        Compute hashes of package archives.
  completion                  A helper command used for command completion.
  help                        Show help for commands.

General Options:
  -h, --help                  Show help.
  --isolated                  Run pip in an isolated mode, ignoring
                              environment variables and user configuration.
  -v, --verbose               Give more output. Option is additive, and can be
                              used up to 3 times.
  -V, --version               Show version and exit.
  -q, --quiet                 Give less output. Option is additive, and can be
                              used up to 3 times (corresponding to WARNING,
                              ERROR, and CRITICAL logging levels).
  --log <path>                Path to a verbose appending log.
  --proxy <proxy>             Specify a proxy in the form
                              [user:passwd@]proxy.server:port.
  --retries <retries>         Maximum number of retries each connection should
                              attempt (default 5 times).
  --timeout <sec>             Set the socket timeout (default 15 seconds).
  --exists-action <action>    Default action when a path already exists:
                              (s)witch, (i)gnore, (w)ipe, (b)ackup, (a)bort.
  --trusted-host <hostname>   Mark this host as trusted, even though it does
                              not have valid or any HTTPS.
  --cert <path>               Path to alternate CA bundle.
  --client-cert <path>        Path to SSL client certificate, a single file
                              containing the private key and the certificate
                              in PEM format.
  --cache-dir <dir>           Store the cache data in <dir>.
  --no-cache-dir              Disable the cache.
  --disable-pip-version-check
                              Don't periodically check PyPI to determine
                              whether a new version of pip is available for
                              download. Implied with --no-index.
  --no-color                  Suppress colored output

Usage:   
  pip3.6 <command> [options]

Commands:
  install                     Install packages.
  download                    Download packages.
  uninstall                   Uninstall packages.
  freeze                      Output installed packages in requirements format.
  list                        List installed packages.
  show                        Show information about installed packages.
  check                       Verify installed packages have compatible dependencies.
  config                      Manage local and global configuration.
  search                      Search PyPI for packages.
  wheel                       Build wheels from your requirements.
  hash                        Compute hashes of package archives.
  completion                  A helper command used for command completion.
  help                        Show help for commands.

General Options:
  -h, --help                  Show help.
  --isolated                  Run pip in an isolated mode, ignoring
                              environment variables and user configuration.
  -v, --verbose               Give more output. Option is additive, and can be
                              used up to 3 times.
  -V, --version               Show version and exit.
  -q, --quiet                 Give less output. Option is additive, and can be
                              used up to 3 times (corresponding to WARNING,
                              ERROR, and CRITICAL logging levels).
  --log <path>                Path to a verbose appending log.
  --proxy <proxy>             Specify a proxy in the form
                              [user:passwd@]proxy.server:port.
  --retries <retries>         Maximum number of retries each connection should
                              attempt (default 5 times).
  --timeout <sec>             Set the socket timeout (default 15 seconds).
  --exists-action <action>    Default action when a path already exists:
                              (s)witch, (i)gnore, (w)ipe, (b)ackup, (a)bort.
  --trusted-host <hostname>   Mark this host as trusted, even though it does
                              not have valid or any HTTPS.
  --cert <path>               Path to alternate CA bundle.
  --client-cert <path>        Path to SSL client certificate, a single file
                              containing the private key and the certificate
                              in PEM format.
  --cache-dir <dir>           Store the cache data in <dir>.
  --no-cache-dir              Disable the cache.
  --disable-pip-version-check
                              Don't periodically check PyPI to determine
                              whether a new version of pip is available for
                              download. Implied with --no-index.
  --no-color                  Suppress colored output

Usage:   
  pip3.6 <command> [options]

Commands:
  install                     Install packages.
  download                    Download packages.
  uninstall                   Uninstall packages.
  freeze                      Output installed packages in requirements format.
  list                        List installed packages.
  show                        Show information about installed packages.
  check                       Verify installed packages have compatible dependencies.
  config                      Manage local and global configuration.
  search                      Search PyPI for packages.
  wheel                       Build wheels from your requirements.
  hash                        Compute hashes of package archives.
  completion                  A helper command used for command completion.
  help                        Show help for commands.

General Options:
  -h, --help                  Show help.
  --isolated                  Run pip in an isolated mode, ignoring
                              environment variables and user configuration.
  -v, --verbose               Give more output. Option is additive, and can be
                              used up to 3 times.
  -V, --version               Show version and exit.
  -q, --quiet                 Give less output. Option is additive, and can be
                              used up to 3 times (corresponding to WARNING,
                              ERROR, and CRITICAL logging levels).
  --log <path>                Path to a verbose appending log.
  --proxy <proxy>             Specify a proxy in the form
                              [user:passwd@]proxy.server:port.
  --retries <retries>         Maximum number of retries each connection should
                              attempt (default 5 times).
  --timeout <sec>             Set the socket timeout (default 15 seconds).
  --exists-action <action>    Default action when a path already exists:
                              (s)witch, (i)gnore, (w)ipe, (b)ackup, (a)bort.
  --trusted-host <hostname>   Mark this host as trusted, even though it does
                              not have valid or any HTTPS.
  --cert <path>               Path to alternate CA bundle.
  --client-cert <path>        Path to SSL client certificate, a single file
                              containing the private key and the certificate
                              in PEM format.
  --cache-dir <dir>           Store the cache data in <dir>.
  --no-cache-dir              Disable the cache.
  --disable-pip-version-check
                              Don't periodically check PyPI to determine
                              whether a new version of pip is available for
                              download. Implied with --no-index.
  --no-color                  Suppress colored output
HOOOOOOOOOOOOOOOOOOOO
Suffix wf 0.8
Global iter 0
Local iter 0 , layers to compress: layer4.1.conv2 layer4.1.conv1
/gpfs/gpfs0/y.gusak/musco_models/resnet18_imagenet/grschedule1/tucker2_vbmf_wf0.8/iter_0-0
Start compression
Start fine-tuning
Local iter 1 , layers to compress: layer4.0.conv2 layer4.0.conv1
/gpfs/gpfs0/y.gusak/musco_models/resnet18_imagenet/grschedule1/tucker2_vbmf_wf0.8/iter_0-1
Start compression
Start fine-tuning
Local iter 2 , layers to compress: layer3.1.conv2 layer3.1.conv1
/gpfs/gpfs0/y.gusak/musco_models/resnet18_imagenet/grschedule1/tucker2_vbmf_wf0.8/iter_0-2
Start compression
Start fine-tuning
Local iter 3 , layers to compress: layer3.0.conv2 layer3.0.conv1
/gpfs/gpfs0/y.gusak/musco_models/resnet18_imagenet/grschedule1/tucker2_vbmf_wf0.8/iter_0-3
Start compression
Start fine-tuning
Local iter 4 , layers to compress: layer2.1.conv2 layer2.1.conv1
/gpfs/gpfs0/y.gusak/musco_models/resnet18_imagenet/grschedule1/tucker2_vbmf_wf0.8/iter_0-4
Start compression
Start fine-tuning
Local iter 5 , layers to compress: layer2.0.conv2 layer2.0.conv1
/gpfs/gpfs0/y.gusak/musco_models/resnet18_imagenet/grschedule1/tucker2_vbmf_wf0.8/iter_0-5
Start compression
Start fine-tuning
Local iter 6 , layers to compress: layer1.1.conv2 layer1.1.conv1
/gpfs/gpfs0/y.gusak/musco_models/resnet18_imagenet/grschedule1/tucker2_vbmf_wf0.8/iter_0-6
Start compression
Start fine-tuning
Local iter 7 , layers to compress: layer1.0.conv2 layer1.0.conv1
/gpfs/gpfs0/y.gusak/musco_models/resnet18_imagenet/grschedule1/tucker2_vbmf_wf0.8/iter_0-7
Start compression
Start fine-tuning
Global iter 1
Local iter 0 , layers to compress: layer4.1.conv2 layer4.1.conv1
/gpfs/gpfs0/y.gusak/musco_models/resnet18_imagenet/grschedule1/tucker2_vbmf_wf0.8/iter_1-0
Start compression
Start fine-tuning
Local iter 1 , layers to compress: layer4.0.conv2 layer4.0.conv1
/gpfs/gpfs0/y.gusak/musco_models/resnet18_imagenet/grschedule1/tucker2_vbmf_wf0.8/iter_1-1
Start compression
Start fine-tuning
Local iter 2 , layers to compress: layer3.1.conv2 layer3.1.conv1
/gpfs/gpfs0/y.gusak/musco_models/resnet18_imagenet/grschedule1/tucker2_vbmf_wf0.8/iter_1-2
Start compression
Start fine-tuning
Local iter 3 , layers to compress: layer3.0.conv2 layer3.0.conv1
/gpfs/gpfs0/y.gusak/musco_models/resnet18_imagenet/grschedule1/tucker2_vbmf_wf0.8/iter_1-3
Start compression
Start fine-tuning
Local iter 4 , layers to compress: layer2.1.conv2 layer2.1.conv1
/gpfs/gpfs0/y.gusak/musco_models/resnet18_imagenet/grschedule1/tucker2_vbmf_wf0.8/iter_1-4
Start compression
Start fine-tuning
Local iter 5 , layers to compress: layer2.0.conv2 layer2.0.conv1
/gpfs/gpfs0/y.gusak/musco_models/resnet18_imagenet/grschedule1/tucker2_vbmf_wf0.8/iter_1-5
Start compression
Start fine-tuning
Local iter 6 , layers to compress: layer1.1.conv2 layer1.1.conv1
/gpfs/gpfs0/y.gusak/musco_models/resnet18_imagenet/grschedule1/tucker2_vbmf_wf0.8/iter_1-6
Start compression
Start fine-tuning
Local iter 7 , layers to compress: layer1.0.conv2 layer1.0.conv1
/gpfs/gpfs0/y.gusak/musco_models/resnet18_imagenet/grschedule1/tucker2_vbmf_wf0.8/iter_1-7
Start compression
Start fine-tuning
Global iter 2
Local iter 0 , layers to compress: layer4.1.conv2 layer4.1.conv1
/gpfs/gpfs0/y.gusak/musco_models/resnet18_imagenet/grschedule1/tucker2_vbmf_wf0.8/iter_2-0
Start compression
Start fine-tuning
Local iter 1 , layers to compress: layer4.0.conv2 layer4.0.conv1
/gpfs/gpfs0/y.gusak/musco_models/resnet18_imagenet/grschedule1/tucker2_vbmf_wf0.8/iter_2-1
Start compression
Start fine-tuning
Local iter 2 , layers to compress: layer3.1.conv2 layer3.1.conv1
/gpfs/gpfs0/y.gusak/musco_models/resnet18_imagenet/grschedule1/tucker2_vbmf_wf0.8/iter_2-2
Start compression
Start fine-tuning
Local iter 3 , layers to compress: layer3.0.conv2 layer3.0.conv1
/gpfs/gpfs0/y.gusak/musco_models/resnet18_imagenet/grschedule1/tucker2_vbmf_wf0.8/iter_2-3
Start compression
Start fine-tuning
Local iter 4 , layers to compress: layer2.1.conv2 layer2.1.conv1
/gpfs/gpfs0/y.gusak/musco_models/resnet18_imagenet/grschedule1/tucker2_vbmf_wf0.8/iter_2-4
Start compression
Start fine-tuning
Local iter 5 , layers to compress: layer2.0.conv2 layer2.0.conv1
/gpfs/gpfs0/y.gusak/musco_models/resnet18_imagenet/grschedule1/tucker2_vbmf_wf0.8/iter_2-5
Start compression
Start fine-tuning
Local iter 6 , layers to compress: layer1.1.conv2 layer1.1.conv1
/gpfs/gpfs0/y.gusak/musco_models/resnet18_imagenet/grschedule1/tucker2_vbmf_wf0.8/iter_2-6
Start compression
Start fine-tuning
Local iter 7 , layers to compress: layer1.0.conv2 layer1.0.conv1
/gpfs/gpfs0/y.gusak/musco_models/resnet18_imagenet/grschedule1/tucker2_vbmf_wf0.8/iter_2-7
Start compression
Start fine-tuning
